{"level":"info","message":"Chosen auto camera type detection","timestamp":"2025-07-01T13:41:48.148Z"}
{"level":"info","message":"Camera Transfer Server (Copyright © 2022, \u001b[34mTeltonika\u001b[0m), version 0.2.13","timestamp":"2025-07-01T13:41:48.140Z"}
{"level":"info","message":"Metadata will be requested at the start of the file transfer","timestamp":"2025-07-01T13:41:48.150Z"}
{"level":"info","message":"Starting REGULAR mode","timestamp":"2025-07-01T13:41:48.152Z"}
{"level":"info","message":"Listening to 7056 port","timestamp":"2025-07-01T13:41:48.169Z"}
{"level":"info","message":"Camera Transfer Server (Copyright © 2022, \u001b[34mTeltonika\u001b[0m), version 0.2.13","timestamp":"2025-07-01T13:42:26.903Z"}
{"level":"info","message":"Chosen auto camera type detection","timestamp":"2025-07-01T13:42:26.910Z"}
{"level":"info","message":"Metadata will be requested at the start of the file transfer","timestamp":"2025-07-01T13:42:26.911Z"}
{"level":"info","message":"Starting REGULAR mode","timestamp":"2025-07-01T13:42:26.914Z"}
{"level":"info","message":"Listening to 7056 port","timestamp":"2025-07-01T13:42:26.924Z"}
{"level":"info","message":"Camera Transfer Server (Copyright © 2022, \u001b[34mTeltonika\u001b[0m), version 0.2.13","timestamp":"2025-07-01T13:43:11.640Z"}
{"level":"info","message":"Chosen auto camera type detection","timestamp":"2025-07-01T13:43:11.648Z"}
{"level":"info","message":"Metadata will be requested at the start of the file transfer","timestamp":"2025-07-01T13:43:11.650Z"}
{"level":"info","message":"Starting REGULAR mode","timestamp":"2025-07-01T13:43:11.651Z"}
{"level":"info","message":"Listening to 7056 port","timestamp":"2025-07-01T13:43:11.658Z"}
{"level":"info","message":"Camera Transfer Server (Copyright © 2022, \u001b[34mTeltonika\u001b[0m), version 0.2.13","timestamp":"2025-07-01T13:43:35.475Z"}
{"level":"info","message":"Chosen auto camera type detection","timestamp":"2025-07-01T13:43:35.481Z"}
{"level":"info","message":"Metadata will be requested at the start of the file transfer","timestamp":"2025-07-01T13:43:35.483Z"}
{"level":"info","message":"Starting REGULAR mode","timestamp":"2025-07-01T13:43:35.484Z"}
{"level":"info","message":"Listening to 7056 port","timestamp":"2025-07-01T13:43:35.490Z"}
{"level":"info","message":"Camera Transfer Server (Copyright © 2022, \u001b[34mTeltonika\u001b[0m), version 0.2.13","timestamp":"2025-07-01T13:44:51.141Z"}
{"level":"info","message":"Chosen auto camera type detection","timestamp":"2025-07-01T13:44:51.148Z"}
{"level":"info","message":"Metadata will be requested at the start of the file transfer","timestamp":"2025-07-01T13:44:51.151Z"}
{"level":"info","message":"Starting REGULAR mode","timestamp":"2025-07-01T13:44:51.154Z"}
{"level":"info","message":"Listening to 7056 port","timestamp":"2025-07-01T13:44:51.163Z"}
